<?xml version="1.0" encoding="UTF-8"?>
<!-- Generated by org.testng.reporters.JUnitXMLReporter -->
<testsuite ignored="1" hostname="LAPTOP-DV541TO5" failures="0" tests="1" name="Test" time="0.057" errors="0" timestamp="09 May 2022 11:46:48 GMT">
  <testcase classname="MavenExample.ReadingDataFromCommandLineTest" name="readingdatafromcommandline" time="0.014"/>
  <testcase classname="MavenExample.ReadingDataFromCommandLineTest" name="regression" time="0.0">
    <ignored/>
  </testcase> <!-- regression -->
</testsuite> <!-- Test -->
