<?xml version="1.0" encoding="UTF-8"?>
<testng-results ignored="1" total="2" passed="1" failed="0" skipped="0">
  <reporter-output>
  </reporter-output>
  <suite started-at="2022-05-09T11:46:48Z" name="Suite" finished-at="2022-05-09T11:46:48Z" duration-ms="57">
    <groups>
      <group name="smoke">
        <method signature="ReadingDataFromCommandLineTest.readingdatafromcommandline()[pri:0, instance:MavenExample.ReadingDataFromCommandLineTest@31920ade]" name="readingdatafromcommandline" class="MavenExample.ReadingDataFromCommandLineTest"/>
      </group> <!-- smoke -->
    </groups>
    <test started-at="2022-05-09T11:46:48Z" name="Test" finished-at="2022-05-09T11:46:48Z" duration-ms="57">
      <class name="MavenExample.ReadingDataFromCommandLineTest">
        <test-method signature="readingdatafromcommandline()[pri:0, instance:MavenExample.ReadingDataFromCommandLineTest@31920ade]" started-at="2022-05-09T11:46:48Z" name="readingdatafromcommandline" finished-at="2022-05-09T11:46:48Z" duration-ms="14" status="PASS">
          <reporter-output>
          </reporter-output>
        </test-method> <!-- readingdatafromcommandline -->
      </class> <!-- MavenExample.ReadingDataFromCommandLineTest -->
    </test> <!-- Test -->
  </suite> <!-- Suite -->
</testng-results>
